build/app/outputs/mapping/productionRelease/seeds.txt
com.sphinx.p2p.borrower.p2p_borrower.MainActivity
com.sphinx.p2p.borrower.p2p_borrower.MainActivity: MainActivity()
...
com.dexterous.flutterlocalnotifications.models.ScheduledNotificationRepeatFrequency: ScheduledNotificationRepeatFrequency(java.lang.String,int)
com.google.firebase.analytics.FirebaseAnalytics: com.google.android.gms.measurement.internal.zzhx getScionFrontendApiImplementation(android.content.Context,android.os.Bundle)
com.google.firebase.messaging.RemoteMessage: android.os.Parcelable$Creator CREATOR
android.support.v4.graphics.drawable.IconCompatParcelizer
com.google.android.gms.internal.measurement.zzfw: int zzg
io.flutter.view.FlutterCallbackInformation: java.lang.String callbackLibraryPath
com.dexterous.flutterlocalnotifications.models.NotificationDetails: java.lang.String COLOR_BLUE
com.dexterous.flutterlocalnotifications.models.NotificationDetails: java.lang.Integer priority
org.threeten.bp.ZonedDateTime: java.lang.Object readResolve()
org.threeten.bp.ZoneOffset: java.lang.Object readResolve()
com.dexterous.flutterlocalnotifications.models.PersonDetails: java.lang.String name
com.dexterous.flutterlocalnotifications.RuntimeTypeAdapterFactory: java.lang.Class access$100(com.dexterous.flutterlocalnotifications.RuntimeTypeAdapterFactory)
org.threeten.bp.temporal.ChronoUnit: org.threeten.bp.temporal.ChronoUnit[] values()
com.dexterous.flutterlocalnotifications.NotificationStyle: com.dexterous.flutterlocalnotifications.NotificationStyle[] $VALUES
io.flutter.embedding.engine.mutatorsstack.FlutterMutatorsStack: android.graphics.Matrix getFinalMatrix()
com.dexterous.flutterlocalnotifications.FlutterLocalNotificationsPlugin: java.lang.String SCHEDULE_METHOD
com.dexterous.flutterlocalnotifications.models.NotificationDetails: java.lang.String IMPORTANT
androidx.core.app.RemoteActionCompat: RemoteActionCompat()
com.google.android.gms.measurement.internal.AppMeasurementDynamiteService: void onActivityResumed(com.google.android.gms.dynamic.IObjectWrapper,long)
com.google.android.gms.cloudmessaging.zza: android.os.Parcelable$Creator CREATOR
com.google.android.gms.internal.measurement.zzes: int zza
io.flutter.plugin.platform.SingleViewPresentation: io.flutter.plugin.platform.PlatformViewFactory viewFactory
io.flutter.plugin.platform.SingleViewPresentation: io.flutter.plugin.platform.SingleViewPresentation$AccessibilityDelegatingFrameLayout rootView
com.google.android.gms.common.Feature: android.os.Parcelable$Creator CREATOR
io.flutter.embedding.engine.FlutterJNI: void onSurfaceCreated(android.view.Surface)
com.dexterous.flutterlocalnotifications.models.NotificationDetails: java.lang.Boolean showWhen
com.dexterous.flutterlocalnotifications.FlutterLocalNotificationsPlugin: java.lang.String DEFAULT_ICON
com.dexterous.flutterlocalnotifications.models.PersonDetails
com.google.android.gms.internal.measurement.zzeq: java.lang.String zzh
io.flutter.plugin.platform.SingleViewPresentation: android.widget.FrameLayout container
com.dexterous.flutterlocalnotifications.models.NotificationDetails: java.lang.String LED_COLOR_BLUE
org.threeten.bp.zone.ZoneOffsetTransitionRule$TimeDefinition: org.threeten.bp.zone.ZoneOffsetTransitionRule$TimeDefinition[] values()
com.dexterous.flutterlocalnotifications.utils.BooleanUtils
androidx.lifecycle.Lifecycle$Event: androidx.lifecycle.Lifecycle$Event ON_DESTROY
com.google.android.gms.internal.measurement.zzgh: double zzj
io.flutter.view.AccessibilityBridge$TextDirection: io.flutter.view.AccessibilityBridge$TextDirection valueOf(java.lang.String)
org.threeten.bp.zone.ZoneOffsetTransition: java.lang.Object writeReplace()
io.flutter.embedding.engine.renderer.SurfaceTextureWrapper: void updateTexImage()
io.flutter.plugin.editing.ImeSyncDeferringInsetsCallback$AnimationCallback: ImeSyncDeferringInsetsCallback$AnimationCallback(io.flutter.plugin.editing.ImeSyncDeferringInsetsCallback)
com.dexterous.flutterlocalnotifications.models.NotificationChannelGroupDetails: java.lang.String ID