build/app/outputs/mapping/productionRelease/mapping.txt
# compiler: R8
# compiler_version: 2.1.62
# min_api: 16
# pg_map_id: f7cb670
# common_typos_disable
com.sphinx.p2p.borrower.p2p_borrower.MainActivity -> com.sphinx.p2p.borrower.p2p_borrower.MainActivity:
    void configureFlutterEngine(io.flutter.embedding.engine.FlutterEngine) -> A
com.sphinx.p2p.borrower.p2p_borrower.MainActivity$configureFlutterEngine$1 -> com.sphinx.p2p.borrower.p2p_borrower.MainActivity$a:
    com.sphinx.p2p.borrower.p2p_borrower.MainActivity$configureFlutterEngine$1 INSTANCE -> a
...
com.google.firebase.components.CycleDetector$Dep -> com.google.firebase.components.s$c:
    java.lang.Class anInterface -> a
    boolean set -> b
    boolean access$100(com.google.firebase.components.CycleDetector$Dep) -> a
com.google.firebase.components.Dependency -> com.google.firebase.components.t:
    int type -> b
    java.lang.Class anInterface -> a
    int injection -> c
    java.lang.String describeInjection(int) -> a
    java.lang.Class getInterface() -> b
    boolean isDeferred() -> c
    boolean isDirectInjection() -> d
    boolean isRequired() -> e
    boolean isSet() -> f
    com.google.firebase.components.Dependency optional(java.lang.Class) -> g
    com.google.firebase.components.Dependency optionalProvider(java.lang.Class) -> h
    com.google.firebase.components.Dependency required(java.lang.Class) -> i
    com.google.firebase.components.Dependency setOf(java.lang.Class) -> j
com.google.firebase.components.DependencyCycleException -> com.google.firebase.components.u:
    java.util.List componentsInCycle -> i
com.google.firebase.components.DependencyException -> com.google.firebase.components.v:
com.google.firebase.components.EventBus -> com.google.firebase.components.w:
    java.util.Map handlerMap -> a
    java.util.Queue pendingEvents -> b
    java.util.concurrent.Executor defaultExecutor -> c
    void subscribe(java.lang.Class,com.google.firebase.events.EventHandler) -> a
    void publish(com.google.firebase.events.Event) -> b
    void unsubscribe(java.lang.Class,com.google.firebase.events.EventHandler) -> c
    void subscribe(java.lang.Class,java.util.concurrent.Executor,com.google.firebase.events.EventHandler) -> d
    void enablePublishingAndFlushPending() -> e
    java.util.Set getHandlers(com.google.firebase.events.Event) -> f
    void lambda$publish$0(java.util.Map$Entry,com.google.firebase.events.Event) -> g
com.google.firebase.components.InvalidRegistrarException -> com.google.firebase.components.x:
com.google.firebase.components.Lazy -> com.google.firebase.components.y:
    com.google.firebase.inject.Provider provider -> b
    java.lang.Object UNINITIALIZED -> c
    java.lang.Object instance -> a
com.google.firebase.components.LazySet -> com.google.firebase.components.z:
    java.util.Set providers -> a
    java.util.Set actualSet -> b
    void add(com.google.firebase.inject.Provider) -> a
    com.google.firebase.components.LazySet fromCollection(java.util.Collection) -> b
    java.util.Set get() -> c
    void updateSet() -> d
com.google.firebase.components.MissingDependencyException -> com.google.firebase.components.a0:
com.google.firebase.components.OptionalProvider -> com.google.firebase.components.b0:
    com.google.firebase.inject.Provider EMPTY_PROVIDER -> d
    com.google.firebase.inject.Provider delegate -> b
    com.google.firebase.inject.Deferred$DeferredHandler handler -> a
    com.google.firebase.inject.Deferred$DeferredHandler NOOP_HANDLER -> c
    com.google.firebase.components.OptionalProvider empty() -> a
    void lambda$static$0(com.google.firebase.inject.Provider) -> b
    java.lang.Object lambda$static$1() -> c
    void set(com.google.firebase.inject.Provider) -> d
com.google.firebase.components.Preconditions -> com.google.firebase.components.c0:
    void checkArgument(boolean,java.lang.String) -> a
    java.lang.Object checkNotNull(java.lang.Object) -> b
    java.lang.Object checkNotNull(java.lang.Object,java.lang.String) -> c
    void checkState(boolean,java.lang.String) -> d