build/app/outputs/mapping/productionRelease/usage.txt
com.sphinx.p2p.borrower.p2p_borrower.R$layout
com.sphinx.p2p.borrower.p2p_borrower.R$xml
com.sphinx.p2p.borrower.p2p_borrower.BuildConfig
com.sphinx.p2p.borrower.p2p_borrower.R$drawable
com.sphinx.p2p.borrower.p2p_borrower.R$attr
com.sphinx.p2p.borrower.p2p_borrower.R$color
com.sphinx.p2p.borrower.p2p_borrower.R$string
com.sphinx.p2p.borrower.p2p_borrower.R
com.sphinx.p2p.borrower.p2p_borrower.R$integer
com.sphinx.p2p.borrower.p2p_borrower.R$style
com.sphinx.p2p.borrower.p2p_borrower.R$styleable
com.sphinx.p2p.borrower.p2p_borrower.R$dimen
com.sphinx.p2p.borrower.p2p_borrower.R$mipmap
com.sphinx.p2p.borrower.p2p_borrower.R$id
...
com.google.common.util.concurrent.SimpleTimeLimiter
com.google.common.collect.FilteredEntryMultimap$AsMap
com.google.common.io.ByteStreams$ByteArrayDataOutputStream
androidx.core.view.inputmethod.InputContentInfoCompat
com.google.common.graph.Traverser$TreeTraverser$DepthFirstPostOrderIterator
com.google.common.util.concurrent.ListeningExecutorService
androidx.legacy.coreutils.R$attr
kotlin.contracts.ConditionalEffect
com.google.android.gms.common.R$integer
com.google.common.collect.UsingToStringOrdering
androidx.activity.R
androidx.print.PrintHelper$PrintUriAdapter$1
androidx.media.session.MediaButtonReceiver$MediaButtonConnectionCallback
com.google.gson.TypeAdapter:
    public final void toJson(java.io.Writer,java.lang.Object)
    public final java.lang.String toJson(java.lang.Object)
    public final java.lang.Object fromJson(java.io.Reader)
    public final java.lang.Object fromJson(java.lang.String)
com.google.firebase.datatransport.R$styleable
com.google.common.graph.AbstractBaseGraph$IncidentEdgeSet$Directed$2
androidx.core.app.NotificationCompat$BigTextStyle:
    public void <init>(androidx.core.app.NotificationCompat$Builder)
androidx.core.app.ActivityCompat$PermissionCompatDelegate:
    public abstract boolean onActivityResult(android.app.Activity,int,int,android.content.Intent)
kotlin.jvm.internal.CharSpreadBuilder
com.google.common.collect.ImmutableMap$Builder
com.google.common.reflect.TypeToken$2
androidx.annotation.AnyThread
kotlin.jvm.Volatile
androidx.core.widget.ImageViewCompat
com.google.common.collect.ImmutableRangeSet
androidx.core.widget.ContentLoadingProgressBar
com.google.common.collect.Sets$UnmodifiableNavigableSet
kotlin.sequences.SubSequence$iterator$1
com.google.common.primitives.Platform
kotlin.collections.RingBuffer
com.google.common.net.MediaType$1
com.google.common.graph.Traverser$TreeTraverser$2
kotlin.jvm.internal.Ref$ObjectRef
com.google.firebase.FirebaseExceptionMapper
com.google.common.util.concurrent.AtomicDoubleArray
androidx.media.MediaBrowserServiceCompat$MediaBrowserServiceImplApi21$3
com.google.errorprone.annotations.SuppressPackageLocation
androidx.fragment.app.FragmentManagerImpl$PopBackStackState
com.google.common.graph.AbstractBaseGraph$IncidentEdgeSet$Undirected$1
com.google.common.graph.ElementOrder$1
androidx.core.os.HandlerCompat
com.google.common.hash.Hashing$ChecksumType
com.google.common.util.concurrent.ExecutionError
com.google.common.graph.Traverser
com.google.common.collect.ImmutableMapValues$2
com.google.common.collect.ForwardingMultimap
com.google.common.hash.ImmutableSupplier
com.google.android.datatransport.cct.StringMerger:
    public void <init>()
com.google.common.primitives.ImmutableLongArray$Builder
com.google.common.util.concurrent.TrustedListenableFutureTask
com.google.common.base.Predicates$ObjectPredicate$1
com.google.common.collect.ObjectCountLinkedHashMap
androidx.viewpager.widget.ViewPager$2
com.tekartik.sqflite.R$color
com.google.common.collect.DescendingImmutableSortedMultiset
kotlin.collections.CollectionsKt__CollectionsKt$binarySearchBy$1
com.google.android.gms.tasks.zzu$zza
io.flutter.view.FlutterView
com.google.common.collect.SortedLists$1
com.google.common.cache.LocalCache$HashIterator
androidx.core.graphics.Insets
kotlin.text.StringsKt__StringNumberConversionsKt
androidx.core.view.accessibility.AccessibilityClickableSpanCompat
com.google.common.collect.Iterables$5
com.google.android.datatransport.runtime.dagger.Component
com.google.common.util.concurrent.AbstractExecutionThreadService
io.flutter.embedding.engine.plugins.contentprovider.ContentProviderPluginBinding:
    public abstract android.content.ContentProvider getContentProvider()